This is pdfTeX, Version 3.14159265-2.6-1.40.20 (TeX Live 2019/W32TeX) (preloaded format=pdflatex 2021.4.1)  11 APR 2021 16:20
entering extended mode
 restricted \write18 enabled.
 file:line:error style messages enabled.
 %&-line parsing enabled.
**b:/wd/–Ï÷›±±’æ/FILE/Conference-LaTeX-template_10-17-19v1/conference_101719.tex
(b:/wd/–Ï÷›±±’æ/FILE/Conference-LaTeX-template_10-17-19v1/conference_101719.tex
LaTeX2e <2018-12-01>
(b:/wd/–Ï÷›±±’æ/FILE/Conference-LaTeX-template_10-17-19v1/IEEEtran.cls
Document Class: IEEEtran 2015/08/26 V1.8b by Michael Shell
-- See the "IEEEtran_HOWTO" manual for usage information.
-- http://www.michaelshell.org/tex/ieeetran/
\@IEEEtrantmpdimenA=\dimen102
\@IEEEtrantmpdimenB=\dimen103
\@IEEEtrantmpdimenC=\dimen104
\@IEEEtrantmpcountA=\count80
\@IEEEtrantmpcountB=\count81
\@IEEEtrantmpcountC=\count82
\@IEEEtrantmptoksA=\toks14
LaTeX Font Info:    Try loading font information for OT1+ptm on input line 503.
(c:/texlive/2019/texmf-dist/tex/latex/psnfss/ot1ptm.fd
File: ot1ptm.fd 2001/06/04 font definitions for OT1/ptm.
)
-- Using 8.5in x 11in (letter) paper.
-- Using PDF output.
\@IEEEnormalsizeunitybaselineskip=\dimen105
-- This is a 10 point document.
\CLASSINFOnormalsizebaselineskip=\dimen106
\CLASSINFOnormalsizeunitybaselineskip=\dimen107
\IEEEnormaljot=\dimen108
LaTeX Font Info:    Font shape `OT1/ptm/bx/n' in size <5> not available
(Font)              Font shape `OT1/ptm/b/n' tried instead on input line 1090.
LaTeX Font Info:    Font shape `OT1/ptm/bx/it' in size <5> not available
(Font)              Font shape `OT1/ptm/b/it' tried instead on input line 1090.
LaTeX Font Info:    Font shape `OT1/ptm/bx/n' in size <7> not available
(Font)              Font shape `OT1/ptm/b/n' tried instead on input line 1090.
LaTeX Font Info:    Font shape `OT1/ptm/bx/it' in size <7> not available
(Font)              Font shape `OT1/ptm/b/it' tried instead on input line 1090.
LaTeX Font Info:    Font shape `OT1/ptm/bx/n' in size <8> not available
(Font)              Font shape `OT1/ptm/b/n' tried instead on input line 1090.
LaTeX Font Info:    Font shape `OT1/ptm/bx/it' in size <8> not available
(Font)              Font shape `OT1/ptm/b/it' tried instead on input line 1090.
LaTeX Font Info:    Font shape `OT1/ptm/bx/n' in size <9> not available
(Font)              Font shape `OT1/ptm/b/n' tried instead on input line 1090.
LaTeX Font Info:    Font shape `OT1/ptm/bx/it' in size <9> not available
(Font)              Font shape `OT1/ptm/b/it' tried instead on input line 1090.
LaTeX Font Info:    Font shape `OT1/ptm/bx/n' in size <10> not available
(Font)              Font shape `OT1/ptm/b/n' tried instead on input line 1090.
LaTeX Font Info:    Font shape `OT1/ptm/bx/it' in size <10> not available
(Font)              Font shape `OT1/ptm/b/it' tried instead on input line 1090.
LaTeX Font Info:    Font shape `OT1/ptm/bx/n' in size <11> not available
(Font)              Font shape `OT1/ptm/b/n' tried instead on input line 1090.
LaTeX Font Info:    Font shape `OT1/ptm/bx/it' in size <11> not available
(Font)              Font shape `OT1/ptm/b/it' tried instead on input line 1090.
LaTeX Font Info:    Font shape `OT1/ptm/bx/n' in size <12> not available
(Font)              Font shape `OT1/ptm/b/n' tried instead on input line 1090.
LaTeX Font Info:    Font shape `OT1/ptm/bx/it' in size <12> not available
(Font)              Font shape `OT1/ptm/b/it' tried instead on input line 1090.
LaTeX Font Info:    Font shape `OT1/ptm/bx/n' in size <17> not available
(Font)              Font shape `OT1/ptm/b/n' tried instead on input line 1090.
LaTeX Font Info:    Font shape `OT1/ptm/bx/it' in size <17> not available
(Font)              Font shape `OT1/ptm/b/it' tried instead on input line 1090.
LaTeX Font Info:    Font shape `OT1/ptm/bx/n' in size <20> not available
(Font)              Font shape `OT1/ptm/b/n' tried instead on input line 1090.
LaTeX Font Info:    Font shape `OT1/ptm/bx/it' in size <20> not available
(Font)              Font shape `OT1/ptm/b/it' tried instead on input line 1090.
LaTeX Font Info:    Font shape `OT1/ptm/bx/n' in size <24> not available
(Font)              Font shape `OT1/ptm/b/n' tried instead on input line 1090.
LaTeX Font Info:    Font shape `OT1/ptm/bx/it' in size <24> not available
(Font)              Font shape `OT1/ptm/b/it' tried instead on input line 1090.
\IEEEquantizedlength=\dimen109
\IEEEquantizedlengthdiff=\dimen110
\IEEEquantizedtextheightdiff=\dimen111
\IEEEilabelindentA=\dimen112
\IEEEilabelindentB=\dimen113
\IEEEilabelindent=\dimen114
\IEEEelabelindent=\dimen115
\IEEEdlabelindent=\dimen116
\IEEElabelindent=\dimen117
\IEEEiednormlabelsep=\dimen118
\IEEEiedmathlabelsep=\dimen119
\IEEEiedtopsep=\skip41
\c@section=\count83
\c@subsection=\count84
\c@subsubsection=\count85
\c@paragraph=\count86
\c@IEEEsubequation=\count87
\abovecaptionskip=\skip42
\belowcaptionskip=\skip43
\c@figure=\count88
\c@table=\count89
\@IEEEeqnnumcols=\count90
\@IEEEeqncolcnt=\count91
\@IEEEsubeqnnumrollback=\count92
\@IEEEquantizeheightA=\dimen120
\@IEEEquantizeheightB=\dimen121
\@IEEEquantizeheightC=\dimen122
\@IEEEquantizeprevdepth=\dimen123
\@IEEEquantizemultiple=\count93
\@IEEEquantizeboxA=\box27
\@IEEEtmpitemindent=\dimen124
\IEEEPARstartletwidth=\dimen125
\c@IEEEbiography=\count94
\@IEEEtranrubishbin=\box28
)
** ATTENTION: Overriding command lockouts (line 2).
(c:/texlive/2019/texmf-dist/tex/latex/cite/cite.sty
LaTeX Info: Redefining \cite on input line 302.
LaTeX Info: Redefining \nocite on input line 332.
Package: cite 2015/02/27  v 5.5
) (c:/texlive/2019/texmf-dist/tex/latex/amsmath/amsmath.sty
Package: amsmath 2018/12/01 v2.17b AMS math features
\@mathmargin=\skip44

For additional information on amsmath, use the `?' option.
(c:/texlive/2019/texmf-dist/tex/latex/amsmath/amstext.sty
Package: amstext 2000/06/29 v2.01 AMS text
 (c:/texlive/2019/texmf-dist/tex/latex/amsmath/amsgen.sty
File: amsgen.sty 1999/11/30 v2.0 generic functions
\@emptytoks=\toks15
\ex@=\dimen126
)) (c:/texlive/2019/texmf-dist/tex/latex/amsmath/amsbsy.sty
Package: amsbsy 1999/11/29 v1.2d Bold Symbols
\pmbraise@=\dimen127
) (c:/texlive/2019/texmf-dist/tex/latex/amsmath/amsopn.sty
Package: amsopn 2016/03/08 v2.02 operator names
)
\inf@bad=\count95
LaTeX Info: Redefining \frac on input line 223.
\uproot@=\count96
\leftroot@=\count97
LaTeX Info: Redefining \overline on input line 385.
\classnum@=\count98
\DOTSCASE@=\count99
LaTeX Info: Redefining \ldots on input line 482.
LaTeX Info: Redefining \dots on input line 485.
LaTeX Info: Redefining \cdots on input line 606.
\Mathstrutbox@=\box29
\strutbox@=\box30
\big@size=\dimen128
LaTeX Font Info:    Redeclaring font encoding OML on input line 729.
LaTeX Font Info:    Redeclaring font encoding OMS on input line 730.
\macc@depth=\count100
\c@MaxMatrixCols=\count101
\dotsspace@=\muskip10
\c@parentequation=\count102
\dspbrk@lvl=\count103
\tag@help=\toks16
\row@=\count104
\column@=\count105
\maxfields@=\count106
\andhelp@=\toks17
\eqnshift@=\dimen129
\alignsep@=\dimen130
\tagshift@=\dimen131
\tagwidth@=\dimen132
\totwidth@=\dimen133
\lineht@=\dimen134
\@envbody=\toks18
\multlinegap=\skip45
\multlinetaggap=\skip46
\mathdisplay@stack=\toks19
LaTeX Info: Redefining \[ on input line 2844.
LaTeX Info: Redefining \] on input line 2845.
) (c:/texlive/2019/texmf-dist/tex/latex/amsfonts/amssymb.sty
Package: amssymb 2013/01/14 v3.01 AMS font symbols
 (c:/texlive/2019/texmf-dist/tex/latex/amsfonts/amsfonts.sty
Package: amsfonts 2013/01/14 v3.01 Basic AMSFonts support
\symAMSa=\mathgroup4
\symAMSb=\mathgroup5
LaTeX Font Info:    Overwriting math alphabet `\mathfrak' in version `bold'
(Font)                  U/euf/m/n --> U/euf/b/n on input line 106.
)) (c:/texlive/2019/texmf-dist/tex/latex/algorithms/algorithmic.sty
Package: algorithmic 2009/08/24 v0.1 Document Style `algorithmic'
 (c:/texlive/2019/texmf-dist/tex/latex/base/ifthen.sty
Package: ifthen 2014/09/29 v1.1c Standard LaTeX ifthen package (DPC)
) (c:/texlive/2019/texmf-dist/tex/latex/graphics/keyval.sty
Package: keyval 2014/10/28 v1.15 key=value parser (DPC)
\KV@toks@=\toks20
)
\c@ALC@unique=\count107
\c@ALC@line=\count108
\c@ALC@rem=\count109
\c@ALC@depth=\count110
\ALC@tlm=\skip47
\algorithmicindent=\skip48
) (c:/texlive/2019/texmf-dist/tex/latex/graphics/graphicx.sty
Package: graphicx 2017/06/01 v1.1a Enhanced LaTeX Graphics (DPC,SPQR)
 (c:/texlive/2019/texmf-dist/tex/latex/graphics/graphics.sty
Package: graphics 2017/06/25 v1.2c Standard LaTeX Graphics (DPC,SPQR)
 (c:/texlive/2019/texmf-dist/tex/latex/graphics/trig.sty
Package: trig 2016/01/03 v1.10 sin cos tan (DPC)
) (c:/texlive/2019/texmf-dist/tex/latex/graphics-cfg/graphics.cfg
File: graphics.cfg 2016/06/04 v1.11 sample graphics configuration
)
Package graphics Info: Driver file: pdftex.def on input line 99.
 (c:/texlive/2019/texmf-dist/tex/latex/graphics-def/pdftex.def
File: pdftex.def 2018/01/08 v1.0l Graphics/color driver for pdftex
))
\Gin@req@height=\dimen135
\Gin@req@width=\dimen136
) (c:/texlive/2019/texmf-dist/tex/latex/base/textcomp.sty
Package: textcomp 2018/08/11 v2.0j Standard LaTeX package
Package textcomp Info: Sub-encoding information:
(textcomp)               5 = only ISO-Adobe without \textcurrency
(textcomp)               4 = 5 + \texteuro
(textcomp)               3 = 4 + \textohm
(textcomp)               2 = 3 + \textestimated + \textcurrency
(textcomp)               1 = TS1 - \textcircled - \t
(textcomp)               0 = TS1 (full)
(textcomp)             Font families with sub-encoding setting implement
(textcomp)             only a restricted character set as indicated.
(textcomp)             Family '?' is the default used for unknown fonts.
(textcomp)             See the documentation for details.
Package textcomp Info: Setting ? sub-encoding to TS1/1 on input line 79.
 (c:/texlive/2019/texmf-dist/tex/latex/base/ts1enc.def
File: ts1enc.def 2001/06/05 v3.0e (jk/car/fm) Standard LaTeX file
Now handling font encoding TS1 ...
... processing UTF-8 mapping file for font encoding TS1
 (c:/texlive/2019/texmf-dist/tex/latex/base/ts1enc.dfu
File: ts1enc.dfu 2018/10/05 v1.2f UTF-8 support for inputenc
   defining Unicode char U+00A2 (decimal 162)
   defining Unicode char U+00A3 (decimal 163)
   defining Unicode char U+00A4 (decimal 164)
   defining Unicode char U+00A5 (decimal 165)
   defining Unicode char U+00A6 (decimal 166)
   defining Unicode char U+00A7 (decimal 167)
   defining Unicode char U+00A8 (decimal 168)
   defining Unicode char U+00A9 (decimal 169)
   defining Unicode char U+00AA (decimal 170)
   defining Unicode char U+00AC (decimal 172)
   defining Unicode char U+00AE (decimal 174)
   defining Unicode char U+00AF (decimal 175)
   defining Unicode char U+00B0 (decimal 176)
   defining Unicode char U+00B1 (decimal 177)
   defining Unicode char U+00B2 (decimal 178)
   defining Unicode char U+00B3 (decimal 179)
   defining Unicode char U+00B4 (decimal 180)
   defining Unicode char U+00B5 (decimal 181)
   defining Unicode char U+00B6 (decimal 182)
   defining Unicode char U+00B7 (decimal 183)
   defining Unicode char U+00B9 (decimal 185)
   defining Unicode char U+00BA (decimal 186)
   defining Unicode char U+00BC (decimal 188)
   defining Unicode char U+00BD (decimal 189)
   defining Unicode char U+00BE (decimal 190)
   defining Unicode char U+00D7 (decimal 215)
   defining Unicode char U+00F7 (decimal 247)
   defining Unicode char U+0192 (decimal 402)
   defining Unicode char U+02C7 (decimal 711)
   defining Unicode char U+02D8 (decimal 728)
   defining Unicode char U+02DD (decimal 733)
   defining Unicode char U+0E3F (decimal 3647)
   defining Unicode char U+2016 (decimal 8214)
   defining Unicode char U+2020 (decimal 8224)
   defining Unicode char U+2021 (decimal 8225)
   defining Unicode char U+2022 (decimal 8226)
   defining Unicode char U+2030 (decimal 8240)
   defining Unicode char U+2031 (decimal 8241)
   defining Unicode char U+203B (decimal 8251)
   defining Unicode char U+203D (decimal 8253)
   defining Unicode char U+2044 (decimal 8260)
   defining Unicode char U+204E (decimal 8270)
   defining Unicode char U+2052 (decimal 8274)
   defining Unicode char U+20A1 (decimal 8353)
   defining Unicode char U+20A4 (decimal 8356)
   defining Unicode char U+20A6 (decimal 8358)
   defining Unicode char U+20A9 (decimal 8361)
   defining Unicode char U+20AB (decimal 8363)
   defining Unicode char U+20AC (decimal 8364)
   defining Unicode char U+20B1 (decimal 8369)
   defining Unicode char U+2103 (decimal 8451)
   defining Unicode char U+2116 (decimal 8470)
   defining Unicode char U+2117 (decimal 8471)
   defining Unicode char U+211E (decimal 8478)
   defining Unicode char U+2120 (decimal 8480)
   defining Unicode char U+2122 (decimal 8482)
   defining Unicode char U+2126 (decimal 8486)
   defining Unicode char U+2127 (decimal 8487)
   defining Unicode char U+212E (decimal 8494)
   defining Unicode char U+2190 (decimal 8592)
   defining Unicode char U+2191 (decimal 8593)
   defining Unicode char U+2192 (decimal 8594)
   defining Unicode char U+2193 (decimal 8595)
   defining Unicode char U+2329 (decimal 9001)
   defining Unicode char U+232A (decimal 9002)
   defining Unicode char U+2422 (decimal 9250)
   defining Unicode char U+25E6 (decimal 9702)
   defining Unicode char U+25EF (decimal 9711)
   defining Unicode char U+266A (decimal 9834)
   defining Unicode char U+FEFF (decimal 65279)
))
LaTeX Info: Redefining \oldstylenums on input line 334.
Package textcomp Info: Setting cmr sub-encoding to TS1/0 on input line 349.
Package textcomp Info: Setting cmss sub-encoding to TS1/0 on input line 350.
Package textcomp Info: Setting cmtt sub-encoding to TS1/0 on input line 351.
Package textcomp Info: Setting cmvtt sub-encoding to TS1/0 on input line 352.
Package textcomp Info: Setting cmbr sub-encoding to TS1/0 on input line 353.
Package textcomp Info: Setting cmtl sub-encoding to TS1/0 on input line 354.
Package textcomp Info: Setting ccr sub-encoding to TS1/0 on input line 355.
Package textcomp Info: Setting ptm sub-encoding to TS1/4 on input line 356.
Package textcomp Info: Setting pcr sub-encoding to TS1/4 on input line 357.
Package textcomp Info: Setting phv sub-encoding to TS1/4 on input line 358.
Package textcomp Info: Setting ppl sub-encoding to TS1/3 on input line 359.
Package textcomp Info: Setting pag sub-encoding to TS1/4 on input line 360.
Package textcomp Info: Setting pbk sub-encoding to TS1/4 on input line 361.
Package textcomp Info: Setting pnc sub-encoding to TS1/4 on input line 362.
Package textcomp Info: Setting pzc sub-encoding to TS1/4 on input line 363.
Package textcomp Info: Setting bch sub-encoding to TS1/4 on input line 364.
Package textcomp Info: Setting put sub-encoding to TS1/5 on input line 365.
Package textcomp Info: Setting uag sub-encoding to TS1/5 on input line 366.
Package textcomp Info: Setting ugq sub-encoding to TS1/5 on input line 367.
Package textcomp Info: Setting ul8 sub-encoding to TS1/4 on input line 368.
Package textcomp Info: Setting ul9 sub-encoding to TS1/4 on input line 369.
Package textcomp Info: Setting augie sub-encoding to TS1/5 on input line 370.
Package textcomp Info: Setting dayrom sub-encoding to TS1/3 on input line 371.
Package textcomp Info: Setting dayroms sub-encoding to TS1/3 on input line 372.
Package textcomp Info: Setting pxr sub-encoding to TS1/0 on input line 373.
Package textcomp Info: Setting pxss sub-encoding to TS1/0 on input line 374.
Package textcomp Info: Setting pxtt sub-encoding to TS1/0 on input line 375.
Package textcomp Info: Setting txr sub-encoding to TS1/0 on input line 376.
Package textcomp Info: Setting txss sub-encoding to TS1/0 on input line 377.
Package textcomp Info: Setting txtt sub-encoding to TS1/0 on input line 378.
Package textcomp Info: Setting lmr sub-encoding to TS1/0 on input line 379.
Package textcomp Info: Setting lmdh sub-encoding to TS1/0 on input line 380.
Package textcomp Info: Setting lmss sub-encoding to TS1/0 on input line 381.
Package textcomp Info: Setting lmssq sub-encoding to TS1/0 on input line 382.
Package textcomp Info: Setting lmvtt sub-encoding to TS1/0 on input line 383.
Package textcomp Info: Setting lmtt sub-encoding to TS1/0 on input line 384.
Package textcomp Info: Setting qhv sub-encoding to TS1/0 on input line 385.
Package textcomp Info: Setting qag sub-encoding to TS1/0 on input line 386.
Package textcomp Info: Setting qbk sub-encoding to TS1/0 on input line 387.
Package textcomp Info: Setting qcr sub-encoding to TS1/0 on input line 388.
Package textcomp Info: Setting qcs sub-encoding to TS1/0 on input line 389.
Package textcomp Info: Setting qpl sub-encoding to TS1/0 on input line 390.
Package textcomp Info: Setting qtm sub-encoding to TS1/0 on input line 391.
Package textcomp Info: Setting qzc sub-encoding to TS1/0 on input line 392.
Package textcomp Info: Setting qhvc sub-encoding to TS1/0 on input line 393.
Package textcomp Info: Setting futs sub-encoding to TS1/4 on input line 394.
Package textcomp Info: Setting futx sub-encoding to TS1/4 on input line 395.
Package textcomp Info: Setting futj sub-encoding to TS1/4 on input line 396.
Package textcomp Info: Setting hlh sub-encoding to TS1/3 on input line 397.
Package textcomp Info: Setting hls sub-encoding to TS1/3 on input line 398.
Package textcomp Info: Setting hlst sub-encoding to TS1/3 on input line 399.
Package textcomp Info: Setting hlct sub-encoding to TS1/5 on input line 400.
Package textcomp Info: Setting hlx sub-encoding to TS1/5 on input line 401.
Package textcomp Info: Setting hlce sub-encoding to TS1/5 on input line 402.
Package textcomp Info: Setting hlcn sub-encoding to TS1/5 on input line 403.
Package textcomp Info: Setting hlcw sub-encoding to TS1/5 on input line 404.
Package textcomp Info: Setting hlcf sub-encoding to TS1/5 on input line 405.
Package textcomp Info: Setting pplx sub-encoding to TS1/3 on input line 406.
Package textcomp Info: Setting pplj sub-encoding to TS1/3 on input line 407.
Package textcomp Info: Setting ptmx sub-encoding to TS1/4 on input line 408.
Package textcomp Info: Setting ptmj sub-encoding to TS1/4 on input line 409.
) (c:/texlive/2019/texmf-dist/tex/latex/xcolor/xcolor.sty
Package: xcolor 2016/05/11 v2.12 LaTeX color extensions (UK)
 (c:/texlive/2019/texmf-dist/tex/latex/graphics-cfg/color.cfg
File: color.cfg 2016/01/02 v1.6 sample color configuration
)
Package xcolor Info: Driver file: pdftex.def on input line 225.
Package xcolor Info: Model `cmy' substituted by `cmy0' on input line 1348.
Package xcolor Info: Model `hsb' substituted by `rgb' on input line 1352.
Package xcolor Info: Model `RGB' extended on input line 1364.
Package xcolor Info: Model `HTML' substituted by `rgb' on input line 1366.
Package xcolor Info: Model `Hsb' substituted by `hsb' on input line 1367.
Package xcolor Info: Model `tHsb' substituted by `hsb' on input line 1368.
Package xcolor Info: Model `HSB' substituted by `hsb' on input line 1369.
Package xcolor Info: Model `Gray' substituted by `gray' on input line 1370.
Package xcolor Info: Model `wave' substituted by `hsb' on input line 1371.
) (b:/wd/–Ï÷›±±’æ/FILE/Conference-LaTeX-template_10-17-19v1/conference_101719.aux)
\openout1 = `conference_101719.aux'.

LaTeX Font Info:    Checking defaults for OML/cmm/m/it on input line 16.
LaTeX Font Info:    ... okay on input line 16.
LaTeX Font Info:    Checking defaults for T1/cmr/m/n on input line 16.
LaTeX Font Info:    ... okay on input line 16.
LaTeX Font Info:    Checking defaults for OT1/cmr/m/n on input line 16.
LaTeX Font Info:    ... okay on input line 16.
LaTeX Font Info:    Checking defaults for OMS/cmsy/m/n on input line 16.
LaTeX Font Info:    ... okay on input line 16.
LaTeX Font Info:    Checking defaults for OMX/cmex/m/n on input line 16.
LaTeX Font Info:    ... okay on input line 16.
LaTeX Font Info:    Checking defaults for U/cmr/m/n on input line 16.
LaTeX Font Info:    ... okay on input line 16.
LaTeX Font Info:    Checking defaults for TS1/cmr/m/n on input line 16.
LaTeX Font Info:    Try loading font information for TS1+cmr on input line 16.
 (c:/texlive/2019/texmf-dist/tex/latex/base/ts1cmr.fd
File: ts1cmr.fd 2014/09/29 v2.5h Standard LaTeX font definitions
)
LaTeX Font Info:    ... okay on input line 16.

-- Lines per column: 56 (exact).
(c:/texlive/2019/texmf-dist/tex/context/base/mkii/supp-pdf.mkii
[Loading MPS to PDF converter (version 2006.09.02).]
\scratchcounter=\count111
\scratchdimen=\dimen137
\scratchbox=\box31
\nofMPsegments=\count112
\nofMParguments=\count113
\everyMPshowfont=\toks21
\MPscratchCnt=\count114
\MPscratchDim=\dimen138
\MPnumerator=\count115
\makeMPintoPDFobject=\count116
\everyMPtoPDFconversion=\toks22
) (c:/texlive/2019/texmf-dist/tex/latex/oberdiek/epstopdf-base.sty
Package: epstopdf-base 2016/05/15 v2.6 Base part for package epstopdf
 (c:/texlive/2019/texmf-dist/tex/generic/oberdiek/infwarerr.sty
Package: infwarerr 2016/05/16 v1.4 Providing info/warning/error messages (HO)
) (c:/texlive/2019/texmf-dist/tex/latex/oberdiek/grfext.sty
Package: grfext 2016/05/16 v1.2 Manage graphics extensions (HO)
 (c:/texlive/2019/texmf-dist/tex/generic/oberdiek/kvdefinekeys.sty
Package: kvdefinekeys 2016/05/16 v1.4 Define keys (HO)
 (c:/texlive/2019/texmf-dist/tex/generic/oberdiek/ltxcmds.sty
Package: ltxcmds 2016/05/16 v1.23 LaTeX kernel commands for general use (HO)
))) (c:/texlive/2019/texmf-dist/tex/latex/oberdiek/kvoptions.sty
Package: kvoptions 2016/05/16 v3.12 Key value format for package options (HO)
 (c:/texlive/2019/texmf-dist/tex/generic/oberdiek/kvsetkeys.sty
Package: kvsetkeys 2016/05/16 v1.17 Key value parser (HO)
 (c:/texlive/2019/texmf-dist/tex/generic/oberdiek/etexcmds.sty
Package: etexcmds 2016/05/16 v1.6 Avoid name clashes with e-TeX commands (HO)
 (c:/texlive/2019/texmf-dist/tex/generic/oberdiek/ifluatex.sty
Package: ifluatex 2016/05/16 v1.4 Provides the ifluatex switch (HO)
Package ifluatex Info: LuaTeX not detected.
)))) (c:/texlive/2019/texmf-dist/tex/generic/oberdiek/pdftexcmds.sty
Package: pdftexcmds 2018/09/10 v0.29 Utility functions of pdfTeX for LuaTeX (HO)
 (c:/texlive/2019/texmf-dist/tex/generic/oberdiek/ifpdf.sty
Package: ifpdf 2018/09/07 v3.3 Provides the ifpdf switch
)
Package pdftexcmds Info: LuaTeX not detected.
Package pdftexcmds Info: \pdf@primitive is available.
Package pdftexcmds Info: \pdf@ifprimitive is available.
Package pdftexcmds Info: \pdfdraftmode found.
)
Package epstopdf-base Info: Redefining graphics rule for `.eps' on input line 438.
Package grfext Info: Graphics extension search list:
(grfext)             [.pdf,.png,.jpg,.mps,.jpeg,.jbig2,.jb2,.PDF,.PNG,.JPG,.JPEG,.JBIG2,.JB2,.eps]
(grfext)             \AppendGraphicsExtensions on input line 456.
 (c:/texlive/2019/texmf-dist/tex/latex/latexconfig/epstopdf-sys.cfg
File: epstopdf-sys.cfg 2010/07/13 v1.3 Configuration of (r)epstopdf for TeX Live
))

LaTeX Warning: No \author given.


LaTeX Warning: No \author given.


LaTeX Warning: No \author given.


Underfull \hbox (badness 5036) in paragraph at lines 103--109
[]\OT1/ptm/b/it/9 Abstract\OT1/ptm/b/n/9 ---Skeleton-based Graph Con-vo-lu-tional Net-works
 []


b:/wd/–Ï÷›±±’æ/FILE/Conference-LaTeX-template_10-17-19v1/conference_101719.tex:110: Package inputenc Error: Invalid UTF-8 byte "A1.

See the inputenc package documentation for explanation.
Type  H <return>  for immediate help.
 ...                                              
                                                  
l.110 ...workloads. Following spatial convolution°
                                                  Øs channel-pruning dataflo...
The document does not appear to be in UTF-8 encoding.
Try adding \UseRawInputEncoding as the first line of the file
or specify an encoding such as \usepackage [latin1]{inputenc}
in the document preamble.
Alternatively, save the file in UTF-8 using your editor or another tool


b:/wd/–Ï÷›±±’æ/FILE/Conference-LaTeX-template_10-17-19v1/conference_101719.tex:110: Package inputenc Error: Invalid UTF-8 byte "AF.

See the inputenc package documentation for explanation.
Type  H <return>  for immediate help.
 ...                                              
                                                  
l.110 ...orkloads. Following spatial convolution°Ø
                                                  s channel-pruning dataflow...
The document does not appear to be in UTF-8 encoding.
Try adding \UseRawInputEncoding as the first line of the file
or specify an encoding such as \usepackage [latin1]{inputenc}
in the document preamble.
Alternatively, save the file in UTF-8 using your editor or another tool


LaTeX Warning: Citation `bianchi2020hierarchical' on page 1 undefined on input line 124.


LaTeX Warning: Citation `shi2019two' on page 1 undefined on input line 124.


LaTeX Warning: Citation `shi2019two' on page 1 undefined on input line 124.


b:/wd/–Ï÷›±±’æ/FILE/Conference-LaTeX-template_10-17-19v1/conference_101719.tex:126: Package inputenc Error: Invalid UTF-8 byte "A1.

See the inputenc package documentation for explanation.
Type  H <return>  for immediate help.
 ...                                              
                                                  
l.126 ...iently. On the other hand, previous GCNs°
                                                  Ø accelerators focus on ut...
The document does not appear to be in UTF-8 encoding.
Try adding \UseRawInputEncoding as the first line of the file
or specify an encoding such as \usepackage [latin1]{inputenc}
in the document preamble.
Alternatively, save the file in UTF-8 using your editor or another tool


b:/wd/–Ï÷›±±’æ/FILE/Conference-LaTeX-template_10-17-19v1/conference_101719.tex:126: Package inputenc Error: Invalid UTF-8 byte "AF.

See the inputenc package documentation for explanation.
Type  H <return>  for immediate help.
 ...                                              
                                                  
l.126 ...ently. On the other hand, previous GCNs°Ø
                                                   accelerators focus on uti...
The document does not appear to be in UTF-8 encoding.
Try adding \UseRawInputEncoding as the first line of the file
or specify an encoding such as \usepackage [latin1]{inputenc}
in the document preamble.
Alternatively, save the file in UTF-8 using your editor or another tool

[1{c:/texlive/2019/texmf-var/fonts/map/pdftex/updmap/pdftex.map}


]

b:/wd/–Ï÷›±±’æ/FILE/Conference-LaTeX-template_10-17-19v1/conference_101719.tex:130: Package inputenc Error: Invalid UTF-8 byte "A1.

See the inputenc package documentation for explanation.
Type  H <return>  for immediate help.
 ...                                              
                                                  
l.130 A hybrid GCNs°
                    Ø pruning method is proposed, which can reduce convoluti...
The document does not appear to be in UTF-8 encoding.
Try adding \UseRawInputEncoding as the first line of the file
or specify an encoding such as \usepackage [latin1]{inputenc}
in the document preamble.
Alternatively, save the file in UTF-8 using your editor or another tool


b:/wd/–Ï÷›±±’æ/FILE/Conference-LaTeX-template_10-17-19v1/conference_101719.tex:130: Package inputenc Error: Invalid UTF-8 byte "AF.

See the inputenc package documentation for explanation.
Type  H <return>  for immediate help.
 ...                                              
                                                  
l.130 A hybrid GCNs°Ø
                      pruning method is proposed, which can reduce convoluti...
The document does not appear to be in UTF-8 encoding.
Try adding \UseRawInputEncoding as the first line of the file
or specify an encoding such as \usepackage [latin1]{inputenc}
in the document preamble.
Alternatively, save the file in UTF-8 using your editor or another tool


b:/wd/–Ï÷›±±’æ/FILE/Conference-LaTeX-template_10-17-19v1/conference_101719.tex:130: Package inputenc Error: Invalid UTF-8 byte "A1.

See the inputenc package documentation for explanation.
Type  H <return>  for immediate help.
 ...                                              
                                                  
l.130 ...runing is decided by spatial convolution°
                                                  Øs pruned dataflow. The ex...
The document does not appear to be in UTF-8 encoding.
Try adding \UseRawInputEncoding as the first line of the file
or specify an encoding such as \usepackage [latin1]{inputenc}
in the document preamble.
Alternatively, save the file in UTF-8 using your editor or another tool


b:/wd/–Ï÷›±±’æ/FILE/Conference-LaTeX-template_10-17-19v1/conference_101719.tex:130: Package inputenc Error: Invalid UTF-8 byte "AF.

See the inputenc package documentation for explanation.
Type  H <return>  for immediate help.
 ...                                              
                                                  
l.130 ...uning is decided by spatial convolution°Ø
                                                  s pruned dataflow. The exp...
The document does not appear to be in UTF-8 encoding.
Try adding \UseRawInputEncoding as the first line of the file
or specify an encoding such as \usepackage [latin1]{inputenc}
in the document preamble.
Alternatively, save the file in UTF-8 using your editor or another tool


b:/wd/–Ï÷›±±’æ/FILE/Conference-LaTeX-template_10-17-19v1/conference_101719.tex:138: Package inputenc Error: Invalid UTF-8 byte "A1.

See the inputenc package documentation for explanation.
Type  H <return>  for immediate help.
 ...                                              
                                                  
l.138 ...elined architecture. Also, the DSP array°
                                                  Øs size of each convolutio...
The document does not appear to be in UTF-8 encoding.
Try adding \UseRawInputEncoding as the first line of the file
or specify an encoding such as \usepackage [latin1]{inputenc}
in the document preamble.
Alternatively, save the file in UTF-8 using your editor or another tool


b:/wd/–Ï÷›±±’æ/FILE/Conference-LaTeX-template_10-17-19v1/conference_101719.tex:138: Package inputenc Error: Invalid UTF-8 byte "AF.

See the inputenc package documentation for explanation.
Type  H <return>  for immediate help.
 ...                                              
                                                  
l.138 ...lined architecture. Also, the DSP array°Ø
                                                  s size of each convolution...
The document does not appear to be in UTF-8 encoding.
Try adding \UseRawInputEncoding as the first line of the file
or specify an encoding such as \usepackage [latin1]{inputenc}
in the document preamble.
Alternatively, save the file in UTF-8 using your editor or another tool


LaTeX Warning: Reference `myfig1' on page 2 undefined on input line 144.


LaTeX Warning: Reference `myfig1' on page 2 undefined on input line 144.


LaTeX Warning: Reference `myfig1' on page 2 undefined on input line 144.


LaTeX Warning: Reference `myfig1' on page 2 undefined on input line 144.

<myfig1.pdf, id=10, 755.55676pt x 182.64235pt>
File: myfig1.pdf Graphic file (type pdf)
<use myfig1.pdf>
Package pdftex.def Info: myfig1.pdf  used on input line 146.
(pdftex.def)             Requested size: 216.71906pt x 52.38803pt.

b:/wd/–Ï÷›±±’æ/FILE/Conference-LaTeX-template_10-17-19v1/conference_101719.tex:150: Package inputenc Error: Invalid UTF-8 byte "A1.

See the inputenc package documentation for explanation.
Type  H <return>  for immediate help.
 ...                                              
                                                  
l.150 In each layer°
                    Øs graph computation, three different graphs are embedde...
The document does not appear to be in UTF-8 encoding.
Try adding \UseRawInputEncoding as the first line of the file
or specify an encoding such as \usepackage [latin1]{inputenc}
in the document preamble.
Alternatively, save the file in UTF-8 using your editor or another tool


b:/wd/–Ï÷›±±’æ/FILE/Conference-LaTeX-template_10-17-19v1/conference_101719.tex:150: Package inputenc Error: Invalid UTF-8 byte "AF.

See the inputenc package documentation for explanation.
Type  H <return>  for immediate help.
 ...                                              
                                                  
l.150 In each layer°Ø
                     s graph computation, three different graphs are embedde...
The document does not appear to be in UTF-8 encoding.
Try adding \UseRawInputEncoding as the first line of the file
or specify an encoding such as \usepackage [latin1]{inputenc}
in the document preamble.
Alternatively, save the file in UTF-8 using your editor or another tool

LaTeX Font Info:    Try loading font information for U+msa on input line 150.
(c:/texlive/2019/texmf-dist/tex/latex/amsfonts/umsa.fd
File: umsa.fd 2013/01/14 v3.01 AMS symbols A
)
LaTeX Font Info:    Try loading font information for U+msb on input line 150.
 (c:/texlive/2019/texmf-dist/tex/latex/amsfonts/umsb.fd
File: umsb.fd 2013/01/14 v3.01 AMS symbols B
)

LaTeX Warning: Reference `eq1' on page 2 undefined on input line 150.


LaTeX Warning: Reference `eq2' on page 2 undefined on input line 150.


b:/wd/–Ï÷›±±’æ/FILE/Conference-LaTeX-template_10-17-19v1/conference_101719.tex:150: Package inputenc Error: Invalid UTF-8 byte "A1.

See the inputenc package documentation for explanation.
Type  H <return>  for immediate help.
 ...                                              
                                                  
l.150 .... The kernel size of spatial convolution°
                                                  Øs weight $W_{k}$  is set ...
The document does not appear to be in UTF-8 encoding.
Try adding \UseRawInputEncoding as the first line of the file
or specify an encoding such as \usepackage [latin1]{inputenc}
in the document preamble.
Alternatively, save the file in UTF-8 using your editor or another tool


b:/wd/–Ï÷›±±’æ/FILE/Conference-LaTeX-template_10-17-19v1/conference_101719.tex:150: Package inputenc Error: Invalid UTF-8 byte "AF.

See the inputenc package documentation for explanation.
Type  H <return>  for immediate help.
 ...                                              
                                                  
l.150 ... The kernel size of spatial convolution°Ø
                                                  s weight $W_{k}$  is set t...
The document does not appear to be in UTF-8 encoding.
Try adding \UseRawInputEncoding as the first line of the file
or specify an encoding such as \usepackage [latin1]{inputenc}
in the document preamble.
Alternatively, save the file in UTF-8 using your editor or another tool


LaTeX Warning: Reference `tab1' on page 2 undefined on input line 158.

[2 <b:/wd/–Ï÷›±±’æ/FILE/Conference-LaTeX-template_10-17-19v1/myfig1.pdf>]

LaTeX Warning: Citation `zhu2020efficient' on page 3 undefined on input line 175.


LaTeX Warning: Reference `myfig2' on page 3 undefined on input line 175.

<myfig2.pdf, id=990, 1342.91005pt x 312.72835pt>
File: myfig2.pdf Graphic file (type pdf)
<use myfig2.pdf>
Package pdftex.def Info: myfig2.pdf  used on input line 177.
(pdftex.def)             Requested size: 216.71906pt x 50.46701pt.

b:/wd/–Ï÷›±±’æ/FILE/Conference-LaTeX-template_10-17-19v1/conference_101719.tex:178: Package inputenc Error: Invalid UTF-8 byte "A1.

See the inputenc package documentation for explanation.
Type  H <return>  for immediate help.
 ...                                              
                                                  
l.178 ...he input channel of spatial convolution.}
                                                  \label{myfig2}
The document does not appear to be in UTF-8 encoding.
Try adding \UseRawInputEncoding as the first line of the file
or specify an encoding such as \usepackage [latin1]{inputenc}
in the document preamble.
Alternatively, save the file in UTF-8 using your editor or another tool


b:/wd/–Ï÷›±±’æ/FILE/Conference-LaTeX-template_10-17-19v1/conference_101719.tex:178: Package inputenc Error: Invalid UTF-8 byte "AF.

See the inputenc package documentation for explanation.
Type  H <return>  for immediate help.
 ...                                              
                                                  
l.178 ...he input channel of spatial convolution.}
                                                  \label{myfig2}
The document does not appear to be in UTF-8 encoding.
Try adding \UseRawInputEncoding as the first line of the file
or specify an encoding such as \usepackage [latin1]{inputenc}
in the document preamble.
Alternatively, save the file in UTF-8 using your editor or another tool


b:/wd/–Ï÷›±±’æ/FILE/Conference-LaTeX-template_10-17-19v1/conference_101719.tex:178: Package inputenc Error: Invalid UTF-8 byte "A1.

See the inputenc package documentation for explanation.
Type  H <return>  for immediate help.
 ...                                              
                                                  
l.178 ...he input channel of spatial convolution.}
                                                  \label{myfig2}
The document does not appear to be in UTF-8 encoding.
Try adding \UseRawInputEncoding as the first line of the file
or specify an encoding such as \usepackage [latin1]{inputenc}
in the document preamble.
Alternatively, save the file in UTF-8 using your editor or another tool


b:/wd/–Ï÷›±±’æ/FILE/Conference-LaTeX-template_10-17-19v1/conference_101719.tex:178: Package inputenc Error: Invalid UTF-8 byte "AF.

See the inputenc package documentation for explanation.
Type  H <return>  for immediate help.
 ...                                              
                                                  
l.178 ...he input channel of spatial convolution.}
                                                  \label{myfig2}
The document does not appear to be in UTF-8 encoding.
Try adding \UseRawInputEncoding as the first line of the file
or specify an encoding such as \usepackage [latin1]{inputenc}
in the document preamble.
Alternatively, save the file in UTF-8 using your editor or another tool


LaTeX Warning: Citation `zhu2020efficient' on page 3 undefined on input line 183.


LaTeX Warning: Citation `zhu2020efficient' on page 3 undefined on input line 183.


LaTeX Warning: Citation `lu2019efficient' on page 3 undefined on input line 183.


LaTeX Warning: Citation `li2020high' on page 3 undefined on input line 183.


LaTeX Warning: Citation `ma2020pconv' on page 3 undefined on input line 183.


LaTeX Warning: Citation `geng2020awb' on page 3 undefined on input line 185.


LaTeX Warning: Citation `zhang2020hardware' on page 3 undefined on input line 185.


LaTeX Warning: Citation `yan2020hygcn' on page 3 undefined on input line 185.


b:/wd/–Ï÷›±±’æ/FILE/Conference-LaTeX-template_10-17-19v1/conference_101719.tex:185: Package inputenc Error: Invalid UTF-8 byte "A1.

See the inputenc package documentation for explanation.
Type  H <return>  for immediate help.
 ...                                              
                                                  
l.185 ...ing and expanding graph adjacency matrix°
                                                  Øs sparsity, (ii) avoiding...
The document does not appear to be in UTF-8 encoding.
Try adding \UseRawInputEncoding as the first line of the file
or specify an encoding such as \usepackage [latin1]{inputenc}
in the document preamble.
Alternatively, save the file in UTF-8 using your editor or another tool


b:/wd/–Ï÷›±±’æ/FILE/Conference-LaTeX-template_10-17-19v1/conference_101719.tex:185: Package inputenc Error: Invalid UTF-8 byte "AF.

See the inputenc package documentation for explanation.
Type  H <return>  for immediate help.
 ...                                              
                                                  
l.185 ...ng and expanding graph adjacency matrix°Ø
                                                  s sparsity, (ii) avoiding ...
The document does not appear to be in UTF-8 encoding.
Try adding \UseRawInputEncoding as the first line of the file
or specify an encoding such as \usepackage [latin1]{inputenc}
in the document preamble.
Alternatively, save the file in UTF-8 using your editor or another tool


LaTeX Warning: Citation `ding2019fpga' on page 3 undefined on input line 187.


LaTeX Warning: Reference `eq3' on page 3 undefined on input line 192.


LaTeX Warning: Reference `eq2' on page 3 undefined on input line 192.


LaTeX Warning: Reference `eq3' on page 3 undefined on input line 192.


LaTeX Warning: Reference `eq4' on page 3 undefined on input line 198.


LaTeX Warning: Reference `eq3' on page 3 undefined on input line 198.


LaTeX Warning: Reference `eq4' on page 3 undefined on input line 198.


LaTeX Warning: Reference `eq5' on page 3 undefined on input line 198.


LaTeX Warning: Reference `eq3' on page 3 undefined on input line 198.

[3
b:/wd/–Ï÷›±±’æ/FILE/Conference-LaTeX-template_10-17-19v1/conference_101719.tex:199: Undefined control sequence.
\UseRawInputEncoding ...tencodingname \@undefined 
                                                  \let \DeclareFontEncoding@...
l.199 
      
The control sequence at the end of the top line
of your error message was never \def'ed. If you have
misspelled it (e.g., `\hobx'), type `I' and the correct
spelling (e.g., `I\hbox'). Otherwise just continue,
and I'll forget about whatever was undefined.

b:/wd/–Ï÷›±±’æ/FILE/Conference-LaTeX-template_10-17-19v1/conference_101719.tex:199: Missing \endcsname inserted.
<to be read again> 
                   \let 
l.199 
      
The control sequence marked <to be read again> should
not appear between \csname and \endcsname.

b:/wd/–Ï÷›±±’æ/FILE/Conference-LaTeX-template_10-17-19v1/conference_101719.tex:199: Missing \endcsname inserted.
<to be read again> 
                   \let 
l.199 
      
The control sequence marked <to be read again> should
not appear between \csname and \endcsname.

b:/wd/–Ï÷›±±’æ/FILE/Conference-LaTeX-template_10-17-19v1/conference_101719.tex:199: Missing \endcsname inserted.
<to be read again> 
                   \let 
l.199 
      
The control sequence marked <to be read again> should
not appear between \csname and \endcsname.

b:/wd/–Ï÷›±±’æ/FILE/Conference-LaTeX-template_10-17-19v1/conference_101719.tex:199: Undefined control sequence.
<argument> \@undefined 
                       
l.199 
      
The control sequence at the end of the top line
of your error message was never \def'ed. If you have
misspelled it (e.g., `\hobx'), type `I' and the correct
spelling (e.g., `I\hbox'). Otherwise just continue,
and I'll forget about whatever was undefined.

b:/wd/–Ï÷›±±’æ/FILE/Conference-LaTeX-template_10-17-19v1/conference_101719.tex:199: Undefined control sequence.
\UseRawInputEncoding ...tencodingname \@undefined 
                                                  \let \DeclareFontEncoding@...
l.199 
      
The control sequence at the end of the top line
of your error message was never \def'ed. If you have
misspelled it (e.g., `\hobx'), type `I' and the correct
spelling (e.g., `I\hbox'). Otherwise just continue,
and I'll forget about whatever was undefined.

b:/wd/–Ï÷›±±’æ/FILE/Conference-LaTeX-template_10-17-19v1/conference_101719.tex:199: Missing \endcsname inserted.
<to be read again> 
                   \let 
l.199 
      
The control sequence marked <to be read again> should
not appear between \csname and \endcsname.

b:/wd/–Ï÷›±±’æ/FILE/Conference-LaTeX-template_10-17-19v1/conference_101719.tex:199: Missing \endcsname inserted.
<to be read again> 
                   \let 
l.199 
      
The control sequence marked <to be read again> should
not appear between \csname and \endcsname.

b:/wd/–Ï÷›±±’æ/FILE/Conference-LaTeX-template_10-17-19v1/conference_101719.tex:199: Missing \endcsname inserted.
<to be read again> 
                   \let 
l.199 
      
The control sequence marked <to be read again> should
not appear between \csname and \endcsname.

b:/wd/–Ï÷›±±’æ/FILE/Conference-LaTeX-template_10-17-19v1/conference_101719.tex:199: Undefined control sequence.
<argument> \@undefined 
                       
l.199 
      
The control sequence at the end of the top line
of your error message was never \def'ed. If you have
misspelled it (e.g., `\hobx'), type `I' and the correct
spelling (e.g., `I\hbox'). Otherwise just continue,
and I'll forget about whatever was undefined.

 <b:/wd/–Ï÷›±±’æ/FILE/Conference-LaTeX-template_10-17-19v1/myfig2.pdf>]

LaTeX Warning: Reference `myfig3' on page 4 undefined on input line 213.

<myfig3.png, id=1968, 752.8125pt x 211.54031pt>
File: myfig3.png Graphic file (type png)
<use myfig3.png>
Package pdftex.def Info: myfig3.png  used on input line 215.
(pdftex.def)             Requested size: 232.19843pt x 65.24757pt.

b:/wd/–Ï÷›±±’æ/FILE/Conference-LaTeX-template_10-17-19v1/conference_101719.tex:216: Package inputenc Error: Invalid UTF-8 byte "A1.

See the inputenc package documentation for explanation.
Type  H <return>  for immediate help.
 ...                                              
                                                  
l.216 ...} axis denotes averaging absolute value.}
                                                  \label{myfig3}
The document does not appear to be in UTF-8 encoding.
Try adding \UseRawInputEncoding as the first line of the file
or specify an encoding such as \usepackage [latin1]{inputenc}
in the document preamble.
Alternatively, save the file in UTF-8 using your editor or another tool


b:/wd/–Ï÷›±±’æ/FILE/Conference-LaTeX-template_10-17-19v1/conference_101719.tex:216: Package inputenc Error: Invalid UTF-8 byte "AF.

See the inputenc package documentation for explanation.
Type  H <return>  for immediate help.
 ...                                              
                                                  
l.216 ...} axis denotes averaging absolute value.}
                                                  \label{myfig3}
The document does not appear to be in UTF-8 encoding.
Try adding \UseRawInputEncoding as the first line of the file
or specify an encoding such as \usepackage [latin1]{inputenc}
in the document preamble.
Alternatively, save the file in UTF-8 using your editor or another tool


b:/wd/–Ï÷›±±’æ/FILE/Conference-LaTeX-template_10-17-19v1/conference_101719.tex:216: Package inputenc Error: Invalid UTF-8 byte "A1.

See the inputenc package documentation for explanation.
Type  H <return>  for immediate help.
 ...                                              
                                                  
l.216 ...} axis denotes averaging absolute value.}
                                                  \label{myfig3}
The document does not appear to be in UTF-8 encoding.
Try adding \UseRawInputEncoding as the first line of the file
or specify an encoding such as \usepackage [latin1]{inputenc}
in the document preamble.
Alternatively, save the file in UTF-8 using your editor or another tool


b:/wd/–Ï÷›±±’æ/FILE/Conference-LaTeX-template_10-17-19v1/conference_101719.tex:216: Package inputenc Error: Invalid UTF-8 byte "AF.

See the inputenc package documentation for explanation.
Type  H <return>  for immediate help.
 ...                                              
                                                  
l.216 ...} axis denotes averaging absolute value.}
                                                  \label{myfig3}
The document does not appear to be in UTF-8 encoding.
Try adding \UseRawInputEncoding as the first line of the file
or specify an encoding such as \usepackage [latin1]{inputenc}
in the document preamble.
Alternatively, save the file in UTF-8 using your editor or another tool


LaTeX Warning: Reference `myfig3' on page 4 undefined on input line 219.

<myfig4.pdf, id=1969, 767.80853pt x 577.97934pt>
File: myfig4.pdf Graphic file (type pdf)
<use myfig4.pdf>
Package pdftex.def Info: myfig4.pdf  used on input line 221.
(pdftex.def)             Requested size: 165.12378pt x 124.29842pt.
<myfig5.pdf, id=1970, 1932.31212pt x 778.46535pt>
File: myfig5.pdf Graphic file (type pdf)
<use myfig5.pdf>
Package pdftex.def Info: myfig5.pdf  used on input line 225.
(pdftex.def)             Requested size: 423.12378pt x 170.45517pt.

LaTeX Warning: Reference `myfig4' on page 4 undefined on input line 229.


LaTeX Warning: Reference `myfig4' on page 4 undefined on input line 232.


LaTeX Warning: Reference `myfig5' on page 4 undefined on input line 238.

[4
b:/wd/–Ï÷›±±’æ/FILE/Conference-LaTeX-template_10-17-19v1/conference_101719.tex:239: Undefined control sequence.
\UseRawInputEncoding ...tencodingname \@undefined 
                                                  \let \DeclareFontEncoding@...
l.239 
      
The control sequence at the end of the top line
of your error message was never \def'ed. If you have
misspelled it (e.g., `\hobx'), type `I' and the correct
spelling (e.g., `I\hbox'). Otherwise just continue,
and I'll forget about whatever was undefined.

b:/wd/–Ï÷›±±’æ/FILE/Conference-LaTeX-template_10-17-19v1/conference_101719.tex:239: Missing \endcsname inserted.
<to be read again> 
                   \let 
l.239 
      
The control sequence marked <to be read again> should
not appear between \csname and \endcsname.

b:/wd/–Ï÷›±±’æ/FILE/Conference-LaTeX-template_10-17-19v1/conference_101719.tex:239: Missing \endcsname inserted.
<to be read again> 
                   \let 
l.239 
      
The control sequence marked <to be read again> should
not appear between \csname and \endcsname.

b:/wd/–Ï÷›±±’æ/FILE/Conference-LaTeX-template_10-17-19v1/conference_101719.tex:239: Missing \endcsname inserted.
<to be read again> 
                   \let 
l.239 
      
The control sequence marked <to be read again> should
not appear between \csname and \endcsname.

b:/wd/–Ï÷›±±’æ/FILE/Conference-LaTeX-template_10-17-19v1/conference_101719.tex:239: Undefined control sequence.
<argument> \@undefined 
                       
l.239 
      
The control sequence at the end of the top line
of your error message was never \def'ed. If you have
misspelled it (e.g., `\hobx'), type `I' and the correct
spelling (e.g., `I\hbox'). Otherwise just continue,
and I'll forget about whatever was undefined.

b:/wd/–Ï÷›±±’æ/FILE/Conference-LaTeX-template_10-17-19v1/conference_101719.tex:239: Undefined control sequence.
\UseRawInputEncoding ...tencodingname \@undefined 
                                                  \let \DeclareFontEncoding@...
l.239 
      
The control sequence at the end of the top line
of your error message was never \def'ed. If you have
misspelled it (e.g., `\hobx'), type `I' and the correct
spelling (e.g., `I\hbox'). Otherwise just continue,
and I'll forget about whatever was undefined.

b:/wd/–Ï÷›±±’æ/FILE/Conference-LaTeX-template_10-17-19v1/conference_101719.tex:239: Missing \endcsname inserted.
<to be read again> 
                   \let 
l.239 
      
The control sequence marked <to be read again> should
not appear between \csname and \endcsname.

b:/wd/–Ï÷›±±’æ/FILE/Conference-LaTeX-template_10-17-19v1/conference_101719.tex:239: Missing \endcsname inserted.
<to be read again> 
                   \let 
l.239 
      
The control sequence marked <to be read again> should
not appear between \csname and \endcsname.

b:/wd/–Ï÷›±±’æ/FILE/Conference-LaTeX-template_10-17-19v1/conference_101719.tex:239: Missing \endcsname inserted.
<to be read again> 
                   \let 
l.239 
      
The control sequence marked <to be read again> should
not appear between \csname and \endcsname.

b:/wd/–Ï÷›±±’æ/FILE/Conference-LaTeX-template_10-17-19v1/conference_101719.tex:239: Undefined control sequence.
<argument> \@undefined 
                       
l.239 
      
The control sequence at the end of the top line
of your error message was never \def'ed. If you have
misspelled it (e.g., `\hobx'), type `I' and the correct
spelling (e.g., `I\hbox'). Otherwise just continue,
and I'll forget about whatever was undefined.

 <b:/wd/–Ï÷›±±’æ/FILE/Conference-LaTeX-template_10-17-19v1/myfig3.png (PNG copy)> <b:/wd/–Ï÷›±±’æ/FILE/Conference-LaTeX-template_10-17-19v1/myfig4.pdf>]

LaTeX Warning: Reference `myfig6' on page 5 undefined on input line 243.


LaTeX Warning: Reference `eq4' on page 5 undefined on input line 243.

<myfig6.pdf, id=2950, 771.65291pt x 348.87036pt>
File: myfig6.pdf Graphic file (type pdf)
<use myfig6.pdf>
Package pdftex.def Info: myfig6.pdf  used on input line 245.
(pdftex.def)             Requested size: 216.71906pt x 97.98112pt.

LaTeX Warning: Reference `myfig7' on page 5 undefined on input line 251.


b:/wd/–Ï÷›±±’æ/FILE/Conference-LaTeX-template_10-17-19v1/conference_101719.tex:251: Package inputenc Error: Invalid UTF-8 byte "A1.

See the inputenc package documentation for explanation.
Type  H <return>  for immediate help.
 ...                                              
                                                  
l.251 ...from data-fetch. However, feature buffer°
                                                  Øs size is changed to matc...
The document does not appear to be in UTF-8 encoding.
Try adding \UseRawInputEncoding as the first line of the file
or specify an encoding such as \usepackage [latin1]{inputenc}
in the document preamble.
Alternatively, save the file in UTF-8 using your editor or another tool


b:/wd/–Ï÷›±±’æ/FILE/Conference-LaTeX-template_10-17-19v1/conference_101719.tex:251: Package inputenc Error: Invalid UTF-8 byte "AF.

See the inputenc package documentation for explanation.
Type  H <return>  for immediate help.
 ...                                              
                                                  
l.251 ...rom data-fetch. However, feature buffer°Ø
                                                  s size is changed to match...
The document does not appear to be in UTF-8 encoding.
Try adding \UseRawInputEncoding as the first line of the file
or specify an encoding such as \usepackage [latin1]{inputenc}
in the document preamble.
Alternatively, save the file in UTF-8 using your editor or another tool


LaTeX Warning: Reference `myfig4' on page 5 undefined on input line 251.

[5 <b:/wd/–Ï÷›±±’æ/FILE/Conference-LaTeX-template_10-17-19v1/myfig5.pdf> <b:/wd/–Ï÷›±±’æ/FILE/Conference-LaTeX-template_10-17-19v1/myfig6.pdf

pdfTeX warning: pdflatex.exe (file b:/wd/–Ï÷›±±’æ/FILE/Conference-LaTeX-template_10-17-19v1/myfig6.pdf): PDF inclusion: multiple pdfs with page group included in a single page
>]
<myfig7.pdf, id=4896, 747.01079pt x 291.71083pt>
File: myfig7.pdf Graphic file (type pdf)
<use myfig7.pdf>
Package pdftex.def Info: myfig7.pdf  used on input line 254.
(pdftex.def)             Requested size: 216.71906pt x 84.62958pt.


LaTeX Warning: Reference `myfig7' on page 6 undefined on input line 257.


LaTeX Warning: Reference `eq5' on page 6 undefined on input line 257.


LaTeX Warning: Reference `myfig8' on page 6 undefined on input line 261.

<myfig8.pdf, id=4897, 791.36455pt x 531.18451pt>
File: myfig8.pdf Graphic file (type pdf)
<use myfig8.pdf>
Package pdftex.def Info: myfig8.pdf  used on input line 264.
(pdftex.def)             Requested size: 216.71906pt x 145.46423pt.

b:/wd/–Ï÷›±±’æ/FILE/Conference-LaTeX-template_10-17-19v1/conference_101719.tex:268: Package inputenc Error: Invalid UTF-8 byte "A1.

See the inputenc package documentation for explanation.
Type  H <return>  for immediate help.
 ...                                              
                                                  
l.268 ...ut correct data. The disabled mini-banks°
                                                  Ø output is covered by zer...
The document does not appear to be in UTF-8 encoding.
Try adding \UseRawInputEncoding as the first line of the file
or specify an encoding such as \usepackage [latin1]{inputenc}
in the document preamble.
Alternatively, save the file in UTF-8 using your editor or another tool


b:/wd/–Ï÷›±±’æ/FILE/Conference-LaTeX-template_10-17-19v1/conference_101719.tex:268: Package inputenc Error: Invalid UTF-8 byte "AF.

See the inputenc package documentation for explanation.
Type  H <return>  for immediate help.
 ...                                              
                                                  
l.268 ...t correct data. The disabled mini-banks°Ø
                                                   output is covered by zero...
The document does not appear to be in UTF-8 encoding.
Try adding \UseRawInputEncoding as the first line of the file
or specify an encoding such as \usepackage [latin1]{inputenc}
in the document preamble.
Alternatively, save the file in UTF-8 using your editor or another tool


LaTeX Warning: Reference `myfig8' on page 6 undefined on input line 270.


b:/wd/–Ï÷›±±’æ/FILE/Conference-LaTeX-template_10-17-19v1/conference_101719.tex:270: Package inputenc Error: Invalid UTF-8 byte "A1.

See the inputenc package documentation for explanation.
Type  H <return>  for immediate help.
 ...                                              
                                                  
l.270 ...r of valid data in every vector. Feature°
                                                  Øs sparsity distribution o...
The document does not appear to be in UTF-8 encoding.
Try adding \UseRawInputEncoding as the first line of the file
or specify an encoding such as \usepackage [latin1]{inputenc}
in the document preamble.
Alternatively, save the file in UTF-8 using your editor or another tool


b:/wd/–Ï÷›±±’æ/FILE/Conference-LaTeX-template_10-17-19v1/conference_101719.tex:270: Package inputenc Error: Invalid UTF-8 byte "AF.

See the inputenc package documentation for explanation.
Type  H <return>  for immediate help.
 ...                                              
                                                  
l.270 ... of valid data in every vector. Feature°Ø
                                                  s sparsity distribution of...
The document does not appear to be in UTF-8 encoding.
Try adding \UseRawInputEncoding as the first line of the file
or specify an encoding such as \usepackage [latin1]{inputenc}
in the document preamble.
Alternatively, save the file in UTF-8 using your editor or another tool


b:/wd/–Ï÷›±±’æ/FILE/Conference-LaTeX-template_10-17-19v1/conference_101719.tex:270: Package inputenc Error: Invalid UTF-8 byte "A1.

See the inputenc package documentation for explanation.
Type  H <return>  for immediate help.
 ...                                              
                                                  
l.270 ...parsity higher than 75\%, 23\%'s feature°
                                                  Øs is between 50\%~75\%, 2...
The document does not appear to be in UTF-8 encoding.
Try adding \UseRawInputEncoding as the first line of the file
or specify an encoding such as \usepackage [latin1]{inputenc}
in the document preamble.
Alternatively, save the file in UTF-8 using your editor or another tool


b:/wd/–Ï÷›±±’æ/FILE/Conference-LaTeX-template_10-17-19v1/conference_101719.tex:270: Package inputenc Error: Invalid UTF-8 byte "AF.

See the inputenc package documentation for explanation.
Type  H <return>  for immediate help.
 ...                                              
                                                  
l.270 ...arsity higher than 75\%, 23\%'s feature°Ø
                                                  s is between 50\%~75\%, 23...
The document does not appear to be in UTF-8 encoding.
Try adding \UseRawInputEncoding as the first line of the file
or specify an encoding such as \usepackage [latin1]{inputenc}
in the document preamble.
Alternatively, save the file in UTF-8 using your editor or another tool


LaTeX Warning: Reference `myfig8' on page 6 undefined on input line 270.

[6 <b:/wd/–Ï÷›±±’æ/FILE/Conference-LaTeX-template_10-17-19v1/myfig7.pdf> <b:/wd/–Ï÷›±±’æ/FILE/Conference-LaTeX-template_10-17-19v1/myfig8.pdf

pdfTeX warning: pdflatex.exe (file b:/wd/–Ï÷›±±’æ/FILE/Conference-LaTeX-template_10-17-19v1/myfig8.pdf): PDF inclusion: multiple pdfs with page group included in a single page
>]

b:/wd/–Ï÷›±±’æ/FILE/Conference-LaTeX-template_10-17-19v1/conference_101719.tex:272: Package inputenc Error: Invalid UTF-8 byte "A1.

See the inputenc package documentation for explanation.
Type  H <return>  for immediate help.
 ...                                              
                                                  
l.272 ...l decoding modules perform on each banks°
                                                  Ø output simultaneously. E...
The document does not appear to be in UTF-8 encoding.
Try adding \UseRawInputEncoding as the first line of the file
or specify an encoding such as \usepackage [latin1]{inputenc}
in the document preamble.
Alternatively, save the file in UTF-8 using your editor or another tool


b:/wd/–Ï÷›±±’æ/FILE/Conference-LaTeX-template_10-17-19v1/conference_101719.tex:272: Package inputenc Error: Invalid UTF-8 byte "AF.

See the inputenc package documentation for explanation.
Type  H <return>  for immediate help.
 ...                                              
                                                  
l.272 ... decoding modules perform on each banks°Ø
                                                   output simultaneously. Ea...
The document does not appear to be in UTF-8 encoding.
Try adding \UseRawInputEncoding as the first line of the file
or specify an encoding such as \usepackage [latin1]{inputenc}
in the document preamble.
Alternatively, save the file in UTF-8 using your editor or another tool


LaTeX Warning: Reference `myfig9' on page 7 undefined on input line 280.

<myfig9.png, id=6842, 607.068pt x 544.434pt>
File: myfig9.png Graphic file (type png)
<use myfig9.png>
Package pdftex.def Info: myfig9.png  used on input line 283.
(pdftex.def)             Requested size: 170.70966pt x 85.35835pt.

LaTeX Warning: Reference `myfig1' on page 7 undefined on input line 287.


b:/wd/–Ï÷›±±’æ/FILE/Conference-LaTeX-template_10-17-19v1/conference_101719.tex:287: Package inputenc Error: Invalid UTF-8 byte "A1.

See the inputenc package documentation for explanation.
Type  H <return>  for immediate help.
 ...                                              
                                                  
l.287 ... in Fig.~\ref{myfig1}, we set each layer°
                                                  Øs channel dropping rate w...
The document does not appear to be in UTF-8 encoding.
Try adding \UseRawInputEncoding as the first line of the file
or specify an encoding such as \usepackage [latin1]{inputenc}
in the document preamble.
Alternatively, save the file in UTF-8 using your editor or another tool


b:/wd/–Ï÷›±±’æ/FILE/Conference-LaTeX-template_10-17-19v1/conference_101719.tex:287: Package inputenc Error: Invalid UTF-8 byte "AF.

See the inputenc package documentation for explanation.
Type  H <return>  for immediate help.
 ...                                              
                                                  
l.287 ...in Fig.~\ref{myfig1}, we set each layer°Ø
                                                  s channel dropping rate wh...
The document does not appear to be in UTF-8 encoding.
Try adding \UseRawInputEncoding as the first line of the file
or specify an encoding such as \usepackage [latin1]{inputenc}
in the document preamble.
Alternatively, save the file in UTF-8 using your editor or another tool


b:/wd/–Ï÷›±±’æ/FILE/Conference-LaTeX-template_10-17-19v1/conference_101719.tex:287: Package inputenc Error: Invalid UTF-8 byte "A1.

See the inputenc package documentation for explanation.
Type  H <return>  for immediate help.
 ...                                              
                                                  
l.287 ...el dropping rate which roughly equals it°
                                                  Øs sparsity respectively. ...
The document does not appear to be in UTF-8 encoding.
Try adding \UseRawInputEncoding as the first line of the file
or specify an encoding such as \usepackage [latin1]{inputenc}
in the document preamble.
Alternatively, save the file in UTF-8 using your editor or another tool


b:/wd/–Ï÷›±±’æ/FILE/Conference-LaTeX-template_10-17-19v1/conference_101719.tex:287: Package inputenc Error: Invalid UTF-8 byte "AF.

See the inputenc package documentation for explanation.
Type  H <return>  for immediate help.
 ...                                              
                                                  
l.287 ...l dropping rate which roughly equals it°Ø
                                                  s sparsity respectively. F...
The document does not appear to be in UTF-8 encoding.
Try adding \UseRawInputEncoding as the first line of the file
or specify an encoding such as \usepackage [latin1]{inputenc}
in the document preamble.
Alternatively, save the file in UTF-8 using your editor or another tool


LaTeX Warning: Reference `myfig10' on page 7 undefined on input line 287.

<myfig10.png, id=6844, 377.775pt x 112.347pt>
File: myfig10.png Graphic file (type png)
<use myfig10.png>
Package pdftex.def Info: myfig10.png  used on input line 290.
(pdftex.def)             Requested size: 241.8501pt x 99.58565pt.

LaTeX Warning: Reference `myfig11' on page 7 undefined on input line 293.


LaTeX Warning: Reference `myfig11' on page 7 undefined on input line 293.

[7 <b:/wd/–Ï÷›±±’æ/FILE/Conference-LaTeX-template_10-17-19v1/myfig9.png> <b:/wd/–Ï÷›±±’æ/FILE/Conference-LaTeX-template_10-17-19v1/myfig10.png (PNG copy)>]
<myfig11.png, id=6850, 213.525pt x 147.4965pt>
File: myfig11.png Graphic file (type png)
<use myfig11.png>
Package pdftex.def Info: myfig11.png  used on input line 296.
(pdftex.def)             Requested size: 232.19843pt x 160.40114pt.


b:/wd/–Ï÷›±±’æ/FILE/Conference-LaTeX-template_10-17-19v1/conference_101719.tex:301: Package inputenc Error: Invalid UTF-8 byte "A1.

See the inputenc package documentation for explanation.
Type  H <return>  for immediate help.
 ...                                              
                                                  
l.301 ...umbers of DSPs are settled in each layer°
                                                  Øs Dyn-MultPEs. We also ad...
The document does not appear to be in UTF-8 encoding.
Try adding \UseRawInputEncoding as the first line of the file
or specify an encoding such as \usepackage [latin1]{inputenc}
in the document preamble.
Alternatively, save the file in UTF-8 using your editor or another tool


b:/wd/–Ï÷›±±’æ/FILE/Conference-LaTeX-template_10-17-19v1/conference_101719.tex:301: Package inputenc Error: Invalid UTF-8 byte "AF.

See the inputenc package documentation for explanation.
Type  H <return>  for immediate help.
 ...                                              
                                                  
l.301 ...mbers of DSPs are settled in each layer°Ø
                                                  s Dyn-MultPEs. We also adj...
The document does not appear to be in UTF-8 encoding.
Try adding \UseRawInputEncoding as the first line of the file
or specify an encoding such as \usepackage [latin1]{inputenc}
in the document preamble.
Alternatively, save the file in UTF-8 using your editor or another tool


LaTeX Warning: Reference `tab2' on page 8 undefined on input line 301.


LaTeX Warning: Reference `tab3' on page 8 undefined on input line 339.



pdfTeX warning: pdflatex.exe (file b:/wd/–Ï÷›±±’æ/FILE/Conference-LaTeX-template_10-17-19v1/myfig12.pdf): PDF inclusion: found PDF version <1.7>, but at most version <1.5> allowed
<myfig12.pdf, id=6851, 500.67432pt x 207.7632pt>
File: myfig12.pdf Graphic file (type pdf)
<use myfig12.pdf>
Package pdftex.def Info: myfig12.pdf  used on input line 391.
(pdftex.def)             Requested size: 232.19843pt x 96.3521pt.

b:/wd/–Ï÷›±±’æ/FILE/Conference-LaTeX-template_10-17-19v1/conference_101719.tex:394: Package inputenc Error: Invalid UTF-8 byte "A1.

See the inputenc package documentation for explanation.
Type  H <return>  for immediate help.
 ...                                              
                                                  
l.394 ...ance of ours and two high-end GPUs. The °
                                                  Æoriginal°Ø in the table m...
The document does not appear to be in UTF-8 encoding.
Try adding \UseRawInputEncoding as the first line of the file
or specify an encoding such as \usepackage [latin1]{inputenc}
in the document preamble.
Alternatively, save the file in UTF-8 using your editor or another tool


b:/wd/–Ï÷›±±’æ/FILE/Conference-LaTeX-template_10-17-19v1/conference_101719.tex:394: Package inputenc Error: Invalid UTF-8 byte "AE.

See the inputenc package documentation for explanation.
Type  H <return>  for immediate help.
 ...                                              
                                                  
l.394 ...nce of ours and two high-end GPUs. The °Æ
                                                  original°Ø in the table me...
The document does not appear to be in UTF-8 encoding.
Try adding \UseRawInputEncoding as the first line of the file
or specify an encoding such as \usepackage [latin1]{inputenc}
in the document preamble.
Alternatively, save the file in UTF-8 using your editor or another tool


b:/wd/–Ï÷›±±’æ/FILE/Conference-LaTeX-template_10-17-19v1/conference_101719.tex:394: Package inputenc Error: Invalid UTF-8 byte "A1.

See the inputenc package documentation for explanation.
Type  H <return>  for immediate help.
 ...                                              
                                                  
l.394 ...rs and two high-end GPUs. The °Æoriginal°
                                                  Ø in the table means testi...
The document does not appear to be in UTF-8 encoding.
Try adding \UseRawInputEncoding as the first line of the file
or specify an encoding such as \usepackage [latin1]{inputenc}
in the document preamble.
Alternatively, save the file in UTF-8 using your editor or another tool


b:/wd/–Ï÷›±±’æ/FILE/Conference-LaTeX-template_10-17-19v1/conference_101719.tex:394: Package inputenc Error: Invalid UTF-8 byte "AF.

See the inputenc package documentation for explanation.
Type  H <return>  for immediate help.
 ...                                              
                                                  
l.394 ...s and two high-end GPUs. The °Æoriginal°Ø
                                                   in the table means testin...
The document does not appear to be in UTF-8 encoding.
Try adding \UseRawInputEncoding as the first line of the file
or specify an encoding such as \usepackage [latin1]{inputenc}
in the document preamble.
Alternatively, save the file in UTF-8 using your editor or another tool


b:/wd/–Ï÷›±±’æ/FILE/Conference-LaTeX-template_10-17-19v1/conference_101719.tex:394: Package inputenc Error: Invalid UTF-8 byte "A1.

See the inputenc package documentation for explanation.
Type  H <return>  for immediate help.
 ...                                              
                                                  
l.394 ...is the original version of 2s-AGCN, the °
                                                  Æwo-C°Ø means the optimize...
The document does not appear to be in UTF-8 encoding.
Try adding \UseRawInputEncoding as the first line of the file
or specify an encoding such as \usepackage [latin1]{inputenc}
in the document preamble.
Alternatively, save the file in UTF-8 using your editor or another tool


b:/wd/–Ï÷›±±’æ/FILE/Conference-LaTeX-template_10-17-19v1/conference_101719.tex:394: Package inputenc Error: Invalid UTF-8 byte "AE.

See the inputenc package documentation for explanation.
Type  H <return>  for immediate help.
 ...                                              
                                                  
l.394 ...s the original version of 2s-AGCN, the °Æ
                                                  wo-C°Ø means the optimized...
The document does not appear to be in UTF-8 encoding.
Try adding \UseRawInputEncoding as the first line of the file
or specify an encoding such as \usepackage [latin1]{inputenc}
in the document preamble.
Alternatively, save the file in UTF-8 using your editor or another tool


b:/wd/–Ï÷›±±’æ/FILE/Conference-LaTeX-template_10-17-19v1/conference_101719.tex:394: Package inputenc Error: Invalid UTF-8 byte "A1.

See the inputenc package documentation for explanation.
Type  H <return>  for immediate help.
 ...                                              
                                                  
l.394 ... original version of 2s-AGCN, the °Æwo-C°
                                                  Ø means the optimized vers...
The document does not appear to be in UTF-8 encoding.
Try adding \UseRawInputEncoding as the first line of the file
or specify an encoding such as \usepackage [latin1]{inputenc}
in the document preamble.
Alternatively, save the file in UTF-8 using your editor or another tool


b:/wd/–Ï÷›±±’æ/FILE/Conference-LaTeX-template_10-17-19v1/conference_101719.tex:394: Package inputenc Error: Invalid UTF-8 byte "AF.

See the inputenc package documentation for explanation.
Type  H <return>  for immediate help.
 ...                                              
                                                  
l.394 ...original version of 2s-AGCN, the °Æwo-C°Ø
                                                   means the optimized versi...
The document does not appear to be in UTF-8 encoding.
Try adding \UseRawInputEncoding as the first line of the file
or specify an encoding such as \usepackage [latin1]{inputenc}
in the document preamble.
Alternatively, save the file in UTF-8 using your editor or another tool


b:/wd/–Ï÷›±±’æ/FILE/Conference-LaTeX-template_10-17-19v1/conference_101719.tex:394: Package inputenc Error: Invalid UTF-8 byte "A1.

See the inputenc package documentation for explanation.
Type  H <return>  for immediate help.
 ...                                              
                                                  
l.394 ...ed version without C\_k matrix, and the °
                                                  Æskip°Ø means input-skippi...
The document does not appear to be in UTF-8 encoding.
Try adding \UseRawInputEncoding as the first line of the file
or specify an encoding such as \usepackage [latin1]{inputenc}
in the document preamble.
Alternatively, save the file in UTF-8 using your editor or another tool


b:/wd/–Ï÷›±±’æ/FILE/Conference-LaTeX-template_10-17-19v1/conference_101719.tex:394: Package inputenc Error: Invalid UTF-8 byte "AE.

See the inputenc package documentation for explanation.
Type  H <return>  for immediate help.
 ...                                              
                                                  
l.394 ...d version without C\_k matrix, and the °Æ
                                                  skip°Ø means input-skippin...
The document does not appear to be in UTF-8 encoding.
Try adding \UseRawInputEncoding as the first line of the file
or specify an encoding such as \usepackage [latin1]{inputenc}
in the document preamble.
Alternatively, save the file in UTF-8 using your editor or another tool


b:/wd/–Ï÷›±±’æ/FILE/Conference-LaTeX-template_10-17-19v1/conference_101719.tex:394: Package inputenc Error: Invalid UTF-8 byte "A1.

See the inputenc package documentation for explanation.
Type  H <return>  for immediate help.
 ...                                              
                                                  
l.394 ...sion without C\_k matrix, and the °Æskip°
                                                  Ø means input-skipping is ...
The document does not appear to be in UTF-8 encoding.
Try adding \UseRawInputEncoding as the first line of the file
or specify an encoding such as \usepackage [latin1]{inputenc}
in the document preamble.
Alternatively, save the file in UTF-8 using your editor or another tool


b:/wd/–Ï÷›±±’æ/FILE/Conference-LaTeX-template_10-17-19v1/conference_101719.tex:394: Package inputenc Error: Invalid UTF-8 byte "AF.

See the inputenc package documentation for explanation.
Type  H <return>  for immediate help.
 ...                                              
                                                  
l.394 ...ion without C\_k matrix, and the °Æskip°Ø
                                                   means input-skipping is a...
The document does not appear to be in UTF-8 encoding.
Try adding \UseRawInputEncoding as the first line of the file
or specify an encoding such as \usepackage [latin1]{inputenc}
in the document preamble.
Alternatively, save the file in UTF-8 using your editor or another tool

[8 <b:/wd/–Ï÷›±±’æ/FILE/Conference-LaTeX-template_10-17-19v1/myfig11.png (PNG copy)> <b:/wd/–Ï÷›±±’æ/FILE/Conference-LaTeX-template_10-17-19v1/myfig12.pdf>]
No file conference_101719.bbl.

** Conference Paper **
Before submitting the final camera ready copy, remember to:

 1. Manually equalize the lengths of two columns on the last page
 of your paper;

 2. Ensure that any PostScript and/or PDF output post-processing
 uses only Type 1 fonts and that every step in the generation
 process uses the appropriate paper size.

[9

] [10] (b:/wd/–Ï÷›±±’æ/FILE/Conference-LaTeX-template_10-17-19v1/conference_101719.aux)

LaTeX Warning: There were undefined references.


LaTeX Warning: Label(s) may have changed. Rerun to get cross-references right.

 ) 
Here is how much of TeX's memory you used:
 4489 strings out of 492623
 65007 string characters out of 6133291
 145903 words of memory out of 5000000
 8319 multiletter control sequences out of 15000+600000
 42240 words of font info for 91 fonts, out of 8000000 for 9000
 1141 hyphenation exceptions out of 8191
 41i,9n,35p,4108b,251s stack positions out of 5000i,500n,10000p,200000b,80000s
{c:/texlive/2019/texmf-dist/fonts/enc/dvips/base/8r.enc}<c:/texlive/2019/texmf-dist/fonts/type1/public/amsfonts/cm/cmex10.pfb><c:/texlive/2019/texmf-dist/fonts/type1/public/amsfonts/cmextra/cmex9.pfb><c:/texlive/2019/texmf-dist/fonts/type1/public/amsfonts/cm/cmmi10.pfb><c:/texlive/2019/texmf-dist/fonts/type1/public/amsfonts/cm/cmmi5.pfb><c:/texlive/2019/texmf-dist/fonts/type1/public/amsfonts/cm/cmmi6.pfb><c:/texlive/2019/texmf-dist/fonts/type1/public/amsfonts/cm/cmmi7.pfb><c:/texlive/2019/texmf-dist/fonts/type1/public/amsfonts/cm/cmmi8.pfb><c:/texlive/2019/texmf-dist/fonts/type1/public/amsfonts/cm/cmmi9.pfb><c:/texlive/2019/texmf-dist/fonts/type1/public/amsfonts/cm/cmr10.pfb><c:/texlive/2019/texmf-dist/fonts/type1/public/amsfonts/cm/cmr6.pfb><c:/texlive/2019/texmf-dist/fonts/type1/public/amsfonts/cm/cmr9.pfb><c:/texlive/2019/texmf-dist/fonts/type1/public/amsfonts/cm/cmsy10.pfb><c:/texlive/2019/texmf-dist/fonts/type1/public/amsfonts/cm/cmsy9.pfb><c:/texlive/2019/texmf-dist/fonts/type1/urw/times/utmb8a.pfb><c:/texlive/2019/texmf-dist/fonts/type1/urw/times/utmbi8a.pfb><c:/texlive/2019/texmf-dist/fonts/type1/urw/times/utmr8a.pfb><c:/texlive/2019/texmf-dist/fonts/type1/urw/times/utmri8a.pfb>
Output written on b:/wd/–Ï÷›±±’æ/FILE/Conference-LaTeX-template_10-17-19v1/conference_101719.pdf (10 pages, 7437247 bytes).
PDF statistics:
 6927 PDF objects out of 7423 (max. 8388607)
 232 compressed objects within 3 object streams
 0 named destinations out of 1000 (max. 500000)
 61 words of extra memory for PDF output out of 10000 (max. 10000000)

